<?xml version="1.0" encoding="UTF-8"?>
<!-- Generated by org.testng.reporters.JUnitReportReporter -->
<testsuite hostname="DESKTOP-FNI86KM" failures="0" tests="3" name="TestNGTestPackage.VerifyManageAddressFunctionality" time="0.005" errors="0" timestamp="2023-10-05T11:56:36 IST" skipped="2">
  <testcase classname="TestNGTestPackage.VerifyManageAddressFunctionality" name="printStatement" time="0.005"/>
  <testcase classname="TestNGTestPackage.VerifyManageAddressFunctionality" name="verifyAddAdressFunctionality">
    <skipped/>
  </testcase> <!-- verifyAddAdressFunctionality -->
  <testcase classname="TestNGTestPackage.VerifyManageAddressFunctionality" name="verifyRemoveAddressFunctionality">
    <skipped/>
  </testcase> <!-- verifyRemoveAddressFunctionality -->
</testsuite> <!-- TestNGTestPackage.VerifyManageAddressFunctionality -->
