<?xml version="1.0" encoding="UTF-8"?>
<!-- Generated by org.testng.reporters.JUnitReportReporter -->
<testsuite hostname="DESKTOP-FNI86KM" failures="0" tests="1" name="TestPackage.TestNg" time="0.018" errors="0" timestamp="2023-09-13T23:25:06 IST" skipped="0">
  <testcase classname="TestPackage.TestNg" name="test" time="0.018"/>
</testsuite> <!-- TestPackage.TestNg -->
